C51 COMPILER V9.00   1                                                                     10/10/2015 16:52:17 PAGE 1   


C51 COMPILER V9.00, COMPILATION OF MODULE 1
OBJECT MODULE PLACED IN 1.OBJ
COMPILER INVOKED BY: F:\Èí¼þ\keil\C51\BIN\C51.EXE 1.c BROWSE DEBUG OBJECTEXTEND

line level    source

   1          void main()
   2          {
   3   1              P1=0x7f;
*** ERROR C202 IN LINE 3 OF 1.C: 'P1': undefined identifier
   4   1              P0=0xe2;
*** ERROR C202 IN LINE 4 OF 1.C: 'P0': undefined identifier
   5   1              P1=1;
*** ERROR C202 IN LINE 5 OF 1.C: 'P1': undefined identifier
   6   1              P1=0xbf;
*** ERROR C202 IN LINE 6 OF 1.C: 'P1': undefined identifier
   7   1              P0=0x02;
*** ERROR C202 IN LINE 7 OF 1.C: 'P0': undefined identifier
   8   1              P1=1;
*** ERROR C202 IN LINE 8 OF 1.C: 'P1': undefined identifier
   9   1              P1=0xdf;
*** ERROR C202 IN LINE 9 OF 1.C: 'P1': undefined identifier
  10   1              P0=0x82;
*** ERROR C202 IN LINE 10 OF 1.C: 'P0': undefined identifier
  11   1              P1=1;
*** ERROR C202 IN LINE 11 OF 1.C: 'P1': undefined identifier
  12   1              P1=0xef;
*** ERROR C202 IN LINE 12 OF 1.C: 'P1': undefined identifier
  13   1              P0=0x60;
*** ERROR C202 IN LINE 13 OF 1.C: 'P0': undefined identifier
  14   1              P1=1;
*** ERROR C202 IN LINE 14 OF 1.C: 'P1': undefined identifier
  15   1      
  16   1              while(1);
  17   1      }

C51 COMPILATION COMPLETE.  0 WARNING(S),  12 ERROR(S)
