C51 COMPILER V9.00   SZTD                                                                  10/13/2015 20:03:34 PAGE 1   


C51 COMPILER V9.00, COMPILATION OF MODULE SZTD
OBJECT MODULE PLACED IN sztd.OBJ
COMPILER INVOKED BY: F:\Èí¼þ\keil\C51\BIN\C51.EXE sztd.c BROWSE DEBUG OBJECTEXTEND

line level    source

   1          #include<reg52.h>
   2          #include<intrins.h>
   3          #define uint unsigned int
   4          #define uchar unsigned char
   5          uchar temp,num,wenum;
   6          uchar code table1[]={
   7            0xfe,0xfd,0xfb,0xf7};
   8          uchar code table[]={
   9            0xc0,0xf9,0xa4,0xb0,
  10            0x99,0x92,0x82,0xf8, 
  11            0x80,0x90,0x88,0x83, 
  12            0xc6,0xa1,0x86,0x8e};
  13          void time(uint c)
  14          {
  15   1              uint a,b;
  16   1              for(a=10;a>0;a--)
  17   1                      for(b=c;b>0;b--);
  18   1      } 
  19          
  20          void time0() interrupt 1
  21          {
  22   1              TH0=(65535-50000)/256;
  23   1              TL0=(65536-50000)%256;  
  24   1      }
  25          
  26          void main()
  27          {
  28   1              temp=0xfe;
  29   1              TMOD=0x01;
  30   1              EA=1;
  31   1              TH0=(65535-50000)/256;
  32   1              TL0=(65536-50000)%256;
  33   1              ET0=1;
  34   1              TR0=1;
  35   1              EX0=1;
  36   1              
  37   1      //      P1=0xf0;
  38   1          while(1)
  39   1              {
  40   2                      P1=table1[wenum];
  41   2                      wenum++;
  42   2                      if(wenum==4)
  43   2                      wenum=0;
  44   2      
  45   2                      P0=table[num];
  46   2                      time(1);
  47   2                      num++;
  48   2                      if(num==4)
  49   2                      num=0;
  50   2      
  51   2      //              } 
  52   2      
  53   2      //      temp=0xfe;
  54   2      //      while(1)
  55   2      //      {
C51 COMPILER V9.00   SZTD                                                                  10/13/2015 20:03:34 PAGE 2   

  56   2              P2=temp;
  57   2              time(1);
  58   2              temp=_crol_(temp,1);
  59   2              P2=temp;
  60   2              } 
  61   1      
  62   1      }


MODULE INFORMATION:   STATIC OVERLAYABLE
   CODE SIZE        =    131    ----
   CONSTANT SIZE    =     20    ----
   XDATA SIZE       =   ----    ----
   PDATA SIZE       =   ----    ----
   DATA SIZE        =      3    ----
   IDATA SIZE       =   ----    ----
   BIT SIZE         =   ----    ----
END OF MODULE INFORMATION.


C51 COMPILATION COMPLETE.  0 WARNING(S),  0 ERROR(S)
