C51 COMPILER V9.00   SMG_ONE_MORE_TIME                                                     10/10/2015 21:20:04 PAGE 1   


C51 COMPILER V9.00, COMPILATION OF MODULE SMG_ONE_MORE_TIME
OBJECT MODULE PLACED IN .\smg-one more time.obj
COMPILER INVOKED BY: F:\Èí¼þ\keil\C51\BIN\C51.EXE ..\one more time\smg-one more time.c BROWSE DEBUG OBJECTEXTEND PRINT(.
                    -\smg-one more time.lst) OBJECT(.\smg-one more time.obj)

line level    source

   1          #include<reg52.h>
   2          void main()
   3          {
   4   1              P1=0x7f;
   5   1              P0=0xe2;
   6   1              P1=1;
   7   1              P1=0xbf;
   8   1              P0=0x02;
   9   1              P1=1;
  10   1              P1=0xdf;
  11   1              P0=0x82;
  12   1              P1=1;
  13   1              P1=0xef;
  14   1              P0=0x60;
  15   1              P1=1;
  16   1      
  17   1              while(1);
  18   1      }


MODULE INFORMATION:   STATIC OVERLAYABLE
   CODE SIZE        =     38    ----
   CONSTANT SIZE    =   ----    ----
   XDATA SIZE       =   ----    ----
   PDATA SIZE       =   ----    ----
   DATA SIZE        =   ----    ----
   IDATA SIZE       =   ----    ----
   BIT SIZE         =   ----    ----
END OF MODULE INFORMATION.


C51 COMPILATION COMPLETE.  0 WARNING(S),  0 ERROR(S)
