C51 COMPILER V9.00   2                                                                     10/10/2015 13:13:35 PAGE 1   


C51 COMPILER V9.00, COMPILATION OF MODULE 2
OBJECT MODULE PLACED IN 2.OBJ
COMPILER INVOKED BY: F:\Èí¼þ\keil\C51\BIN\C51.EXE 2.c BROWSE DEBUG OBJECTEXTEND

line level    source

   1           #include<reg52.h>
   2           #include <intrins.h>
   3          #define uint unsigned int
   4          #define uchar unsigned char
   5          uchar temp;
   6          void time(uint);
   7          void main()
   8          {
   9   1              temp=0xfe;
  10   1              P2=temp;
  11   1              while(1)
  12   1              {
  13   2              temp=_crol_(temp,1);
  14   2              time(600);
  15   2              P2=temp;
  16   2              }
  17   1      }
  18          
  19          void time(uint c)
  20          {
  21   1              uint a,b;
  22   1              for(a=100;a>0;a--)
  23   1                      for(b=c;b>0;b--);
  24   1                      }


MODULE INFORMATION:   STATIC OVERLAYABLE
   CODE SIZE        =     65    ----
   CONSTANT SIZE    =   ----    ----
   XDATA SIZE       =   ----    ----
   PDATA SIZE       =   ----    ----
   DATA SIZE        =      1    ----
   IDATA SIZE       =   ----    ----
   BIT SIZE         =   ----    ----
END OF MODULE INFORMATION.


C51 COMPILATION COMPLETE.  0 WARNING(S),  0 ERROR(S)
