C51 COMPILER V9.00   1                                                                     10/20/2015 19:42:02 PAGE 1   


C51 COMPILER V9.00, COMPILATION OF MODULE 1
OBJECT MODULE PLACED IN 1.OBJ
COMPILER INVOKED BY: F:\软件\keil\C51\BIN\C51.EXE 1.c BROWSE DEBUG OBJECTEXTEND

line level    source

   1          #include<reg52.h>
   2          #define uint unsigned int
   3          #define uchar unsigned char
   4          uchar flag,a;
   5          uchar code table[]={
   6          0xc0,0xf9,0xa4,0xb0,
   7          0x99,0x92,0x82,0xf8, 
   8          0x80,0x90,0x88,0x83, 
   9          0xc6,0xa1,0x86,0x8e};
  10          void init()
  11          {
  12   1         P1 = 0xf0;
  13   1         TMOD = 0x20;            //设置定时器工作方式2
  14   1         EA = 1;                         //开总中断
  15   1         TR1 = 1;                        //启动T1
  16   1         TH1 = 0xfd;             //设置波特率位9600
  17   1         TL1 = 0xfd;             
  18   1         REN = 1;                        //串口允许接收
  19   1         SM0 = 0;                        //设置串口工作方式1
  20   1         SM1 = 1;      
  21   1         ES = 1;                 //串口中断允许
  22   1      
  23   1      }
  24          
  25          void ser() interrupt 4
  26          {
  27   1         RI = 0;
  28   1         a = SBUF;
  29   1         SBUF = a;     
  30   1       //  P2 = a;
  31   1      }
  32          
  33          void main()
  34          {
  35   1          init();
  36   1              while(1)
  37   1              {         
  38   2              P0=a;            
  39   2              }
  40   1      }


MODULE INFORMATION:   STATIC OVERLAYABLE
   CODE SIZE        =     42    ----
   CONSTANT SIZE    =     16    ----
   XDATA SIZE       =   ----    ----
   PDATA SIZE       =   ----    ----
   DATA SIZE        =      2    ----
   IDATA SIZE       =   ----    ----
   BIT SIZE         =   ----    ----
END OF MODULE INFORMATION.


C51 COMPILATION COMPLETE.  0 WARNING(S),  0 ERROR(S)
