C51 COMPILER V9.00   NUMBER                                                                10/11/2015 14:36:16 PAGE 1   


C51 COMPILER V9.00, COMPILATION OF MODULE NUMBER
OBJECT MODULE PLACED IN number.OBJ
COMPILER INVOKED BY: F:\Èí¼þ\keil\C51\BIN\C51.EXE number.c BROWSE DEBUG OBJECTEXTEND

line level    source

   1          #include<reg52.h>
   2          #define uint unsigned int
   3          #define uchar unsigned char
   4          uchar num;
   5          uchar code table[]={ 
   6           0xc0,0xf9,0xa4,0xb0,
   7           0x99,0x92,0x82,0xf8,
   8           0x80,0x90,0x88,0x83,
   9           0xc6,0xa1,0x86,0x8e };
  10           
  11          void sj(uint c);
  12          void main()
  13          {
  14   1              P1=0xf0;
  15   1              while(1)
  16   1              {
  17   2              for(num=0;num<16;num++)
  18   2              {
  19   3              P0=table[num];
  20   3              sj(600);
  21   3              }
  22   2              }               
  23   1      }
  24          
  25          void sj(uint c)
  26          {
  27   1              uint a,b;
  28   1              for(a=100;a>0;a--)
  29   1                      for(b=c;b>0;b--);
  30   1      }


MODULE INFORMATION:   STATIC OVERLAYABLE
   CODE SIZE        =     66    ----
   CONSTANT SIZE    =     16    ----
   XDATA SIZE       =   ----    ----
   PDATA SIZE       =   ----    ----
   DATA SIZE        =      1    ----
   IDATA SIZE       =   ----    ----
   BIT SIZE         =   ----    ----
END OF MODULE INFORMATION.


C51 COMPILATION COMPLETE.  0 WARNING(S),  0 ERROR(S)
