C51 COMPILER V9.00   TRY                                                                   10/10/2015 20:22:11 PAGE 1   


C51 COMPILER V9.00, COMPILATION OF MODULE TRY
OBJECT MODULE PLACED IN try.OBJ
COMPILER INVOKED BY: F:\Èí¼þ\keil\C51\BIN\C51.EXE try.c BROWSE DEBUG OBJECTEXTEND

line level    source

   1          #include<reg52.h>
   2          void main()
   3          {
   4   1              P1=0xfe;
   5   1              P0=0x47;
   6   1              P1=0xff;
   7   1              
   8   1              P1=0xfd;
   9   1              P0=0x40;
  10   1              P1=0xff;
  11   1      
  12   1              P1=0xfb;
  13   1              P0=0x41;
  14   1              P1=0xff;
  15   1      
  16   1              P1=0xf7;
  17   1              P0=0x06;
  18   1              P1=0xff;
  19   1      }


MODULE INFORMATION:   STATIC OVERLAYABLE
   CODE SIZE        =     37    ----
   CONSTANT SIZE    =   ----    ----
   XDATA SIZE       =   ----    ----
   PDATA SIZE       =   ----    ----
   DATA SIZE        =   ----    ----
   IDATA SIZE       =   ----    ----
   BIT SIZE         =   ----    ----
END OF MODULE INFORMATION.


C51 COMPILATION COMPLETE.  0 WARNING(S),  0 ERROR(S)
