C51 COMPILER V9.00   COPY                                                                  10/09/2015 22:49:49 PAGE 1   


C51 COMPILER V9.00, COMPILATION OF MODULE COPY
OBJECT MODULE PLACED IN copy.OBJ
COMPILER INVOKED BY: F:\Èí¼þ\keil\C51\BIN\C51.EXE copy.c BROWSE DEBUG OBJECTEXTEND

line level    source

   1          #include<reg52.h>
   2          #include<intrins.h>
   3          #define uint unsigned int
   4          #define uchar unsigned char
   5          uchar temp;uint D1;
   6          void time(uint);
   7          
   8          void main()
   9          {
  10   1                      temp=0xfe;
  11   1                      D1=temp;
  12   1              while(1)
  13   1              {
  14   2                      temp=_crol_(temp,1);
  15   2                      time(500);
  16   2                      D1=temp;                
  17   2              }
  18   1      }
  19          
  20          void time(uint c)
  21          {
  22   1              uint a,b;
  23   1              for(a=100;a>0;a--)
  24   1                      for(b=c;b>0;b--);
  25   1      }


MODULE INFORMATION:   STATIC OVERLAYABLE
   CODE SIZE        =     71    ----
   CONSTANT SIZE    =   ----    ----
   XDATA SIZE       =   ----    ----
   PDATA SIZE       =   ----    ----
   DATA SIZE        =      3    ----
   IDATA SIZE       =   ----    ----
   BIT SIZE         =   ----    ----
END OF MODULE INFORMATION.


C51 COMPILATION COMPLETE.  0 WARNING(S),  0 ERROR(S)
