C51 COMPILER V9.00   JIANPAN                                                               10/16/2015 20:15:44 PAGE 1   


C51 COMPILER V9.00, COMPILATION OF MODULE JIANPAN
OBJECT MODULE PLACED IN jianpan.OBJ
COMPILER INVOKED BY: F:\Èí¼þ\keil\C51\BIN\C51.EXE jianpan.c BROWSE DEBUG OBJECTEXTEND

line level    source

   1          #include<reg52.h>
   2          #define uint unsigned int
   3          #define uchar unsigned char
   4          uchar code table[]={
   5          0xc0,0xf9,0xa4,0xb0,
   6          0x99,0x92,0x82,0xf8, 
   7          0x80,0x90,0x88,0x83, 
   8          0xc6,0xa1,0x86,0x8e};
   9          uchar num;
  10          sbit D1 = P2^3;
  11          sbit key1 = P3^7;
  12          void time(uint pig)
  13          {
  14   1         uint boy,girl;
  15   1         for(girl = 110;girl > 0;girl--)
  16   1            for(boy = pig; boy > 0;boy--);   
  17   1      }
  18          void main()
  19          {
  20   1         P1 = 0xfe;
  21   1         P3 = 0xff;
  22   1         while(1)
  23   1              {
  24   2                      if(key1 == 0)
  25   2                         {
  26   3                                 D1 = 0;
  27   3                                 num++ ;
  28   3                                 if(num == 10)
  29   3                                    num = 0;
  30   3                                        while(!key1);
  31   3                                        time(5);
  32   3                                        while(!key1);
  33   3                              }                        
  34   2                      else 
  35   2                              D1 = 1;
  36   2      
  37   2                          P0 = table[num];    
  38   2              }   
  39   1      }


MODULE INFORMATION:   STATIC OVERLAYABLE
   CODE SIZE        =     82    ----
   CONSTANT SIZE    =     16    ----
   XDATA SIZE       =   ----    ----
   PDATA SIZE       =   ----    ----
   DATA SIZE        =      1    ----
   IDATA SIZE       =   ----    ----
   BIT SIZE         =   ----    ----
END OF MODULE INFORMATION.


C51 COMPILATION COMPLETE.  0 WARNING(S),  0 ERROR(S)
