C51 COMPILER V9.00   MY_MIAOBIAO                                                           10/13/2015 19:36:27 PAGE 1   


C51 COMPILER V9.00, COMPILATION OF MODULE MY_MIAOBIAO
OBJECT MODULE PLACED IN my miaobiao.OBJ
COMPILER INVOKED BY: F:\Èí¼þ\keil\C51\BIN\C51.EXE my miaobiao.c BROWSE DEBUG OBJECTEXTEND

line level    source

   1                                   #include<reg52.h>
   2          #include<intrins.h>
   3          #define uint unsigned int
   4          #define uchar unsigned char
   5          uchar num,qian,bai,shi,ge,aa;
   6          uint temp;
   7          uchar code table[]={
   8            0xc0,0xf9,0xa4,0xb0,
   9            0x99,0x92,0x82,0xf8, 
  10            0x80,0x90,0x88,0x83, 
  11            0xc6,0xa1,0x86,0x8e};
  12          void time(uint c)
  13          {
  14   1              uint a,b;
  15   1              for(a=110;a>0;a--)
  16   1                      for(b=c;b>0;b--);
  17   1      } 
  18          
  19          void time0() interrupt 1
  20          {
  21   1              TH0=(65535-50000)/256;
  22   1              TL0=(65536-50000)%256;
  23   1              aa++;   
  24   1      }                  
  25          
  26          void display(qian,bai,shi,ge)
  27          {
  28   1              P1=0xfe;
  29   1              P0=table[qian];
  30   1              time(1);
  31   1              
  32   1              P1=0xfd;
  33   1              P0=table[bai];
  34   1              time(1);
  35   1      
  36   1              P1=0xfb;
  37   1              P0=table[shi];
  38   1              time(1);
  39   1      
  40   1              P1=0xf7;
  41   1              P0=table[ge];
  42   1              time(1);
  43   1      }
  44          
  45          void init()
  46          {
  47   1              TMOD=0x01;
  48   1              EA=1;
  49   1              TH0=(65535-50000)/256;
  50   1              TL0=(65536-50000)%256;
  51   1              ET0=1;
  52   1              TR0=1;
  53   1              EX0=1;
  54   1      }        
  55          
C51 COMPILER V9.00   MY_MIAOBIAO                                                           10/13/2015 19:36:27 PAGE 2   

  56          void main()
  57          {               init();
  58   1                      while(1)
  59   1                      {
  60   2                              if(aa==20)
  61   2                                temp++;
  62   2                                      if(temp==10000)
  63   2                                              temp=0;
  64   2                                              qian=temp/1000;
  65   2                                              bai=temp%1000/100;
  66   2                                              shi=temp%100/10;
  67   2                                              ge=temp%10; 
  68   2                                              temp++;
  69   2      
  70   2      
  71   2                      display(qian,bai,shi,ge);
  72   2                      } 
  73   1      
  74   1      /*      temp=0xfe;
  75   1              while(1)
  76   1              {
  77   1              P2=temp;
  78   1              time(1000);
  79   1              temp=_crol_(temp,1);
  80   1              P2=temp;
  81   1              }*/ 
  82   1      
  83   1      }


MODULE INFORMATION:   STATIC OVERLAYABLE
   CODE SIZE        =    295    ----
   CONSTANT SIZE    =     16    ----
   XDATA SIZE       =   ----    ----
   PDATA SIZE       =   ----    ----
   DATA SIZE        =      8       8
   IDATA SIZE       =   ----    ----
   BIT SIZE         =   ----    ----
END OF MODULE INFORMATION.


C51 COMPILATION COMPLETE.  0 WARNING(S),  0 ERROR(S)
