C51 COMPILER V9.00   1996                                                                  10/16/2015 20:08:59 PAGE 1   


C51 COMPILER V9.00, COMPILATION OF MODULE 1996
OBJECT MODULE PLACED IN 1996.OBJ
COMPILER INVOKED BY: F:\Èí¼þ\keil\C51\BIN\C51.EXE 1996.c BROWSE DEBUG OBJECTEXTEND

line level    source

   1          #include<reg52.h>
   2          #include<intrins.h>
   3          #define uint unsigned int
   4          #define uchar unsigned char
   5          uchar num,qian,bai,shi,ge;
   6          uint temp;
   7          uchar code table[]={
   8            0xc0,0xf9,0xa4,0xb0,
   9            0x99,0x92,0x82,0xf8, 
  10            0x80,0x90,0x88,0x83, 
  11            0xc6,0xa1,0x86,0x8e};
  12          void time(uint c)
  13          {
  14   1              uint a,b;
  15   1              for(a=110;a>0;a--)
  16   1                      for(b=c;b>0;b--);
  17   1      } 
  18          
  19          void time0() interrupt 1
  20          {
  21   1              TH0=(65535-50000)/256;
  22   1              TL0=(65536-50000)%256;  
  23   1      }
  24          
  25          void display(qian,bai,shi,ge)
  26          {
  27   1              P1=0xfe;
  28   1              P0=table[qian];
  29   1              time(1);
  30   1              
  31   1              P1=0xfd;
  32   1              P0=table[bai];
  33   1              time(1);
  34   1      
  35   1              P1=0xfb;
  36   1              P0=table[shi];
  37   1              time(1);
  38   1      
  39   1              P1=0xf7;
  40   1              P0=table[ge];
  41   1              time(1);
  42   1      }
  43          
  44          void main()
  45          {
  46   1              temp=0000;
  47   1              TMOD=0x01;
  48   1              EA=1;
  49   1              TH0=(65535-50000)/256;
  50   1              TL0=(65536-50000)%256;
  51   1              ET0=1;
  52   1              TR0=1;
  53   1              EX0=1;
  54   1              
  55   1              qian=temp/1000;
C51 COMPILER V9.00   1996                                                                  10/16/2015 20:08:59 PAGE 2   

  56   1              bai=temp%1000/100;
  57   1              shi=temp%100/10;
  58   1              ge=temp%10;
  59   1      
  60   1          while(1)
  61   1              {
  62   2                      display(qian,bai,shi,ge);
  63   2                      } 
  64   1      
  65   1      /*      temp=0xfe;
  66   1              while(1)
  67   1              {
  68   1              P2=temp;
  69   1              time(1000);
  70   1              temp=_crol_(temp,1);
  71   1              P2=temp;
  72   1              }*/ 
  73   1      
  74   1      }


MODULE INFORMATION:   STATIC OVERLAYABLE
   CODE SIZE        =    257    ----
   CONSTANT SIZE    =     16    ----
   XDATA SIZE       =   ----    ----
   PDATA SIZE       =   ----    ----
   DATA SIZE        =      7       8
   IDATA SIZE       =   ----    ----
   BIT SIZE         =   ----    ----
END OF MODULE INFORMATION.


C51 COMPILATION COMPLETE.  0 WARNING(S),  0 ERROR(S)
