C51 COMPILER V9.00   CHUANKOU                                                              09/18/2016 21:22:27 PAGE 1   


C51 COMPILER V9.00, COMPILATION OF MODULE CHUANKOU
OBJECT MODULE PLACED IN chuankou.OBJ
COMPILER INVOKED BY: F:\软件\keil\C51\BIN\C51.EXE chuankou.c BROWSE DEBUG OBJECTEXTEND

line level    source

   1          #include<reg52.h>
   2          #define uint unsigned int
   3          #define uchar unsigned char
   4          uchar flag,a;
   5          void init()
   6          {
   7   1         TMOD = 0x20;            //设置定时器工作方式2
   8   1         EA = 1;                         //开总中断
   9   1         TR1 = 1;                        //启动T1
  10   1         TH1 = 0xfd;             //设置波特率位9600
  11   1         TL1 = 0xfd;             
  12   1         REN = 1;                        //串口允许接收
  13   1         SM0 = 0;                        //设置串口工作方式1
  14   1         SM1 = 1;      
  15   1         ES = 1;                 //串口中断允许
  16   1      //   SCON = 0x53;
  17   1      }
  18          
  19          void ser() interrupt 4
  20          {
  21   1         RI = 0;
  22   1      // P2 = SBUF;
  23   1         a = SBUF;      //接收
  24   1         flag = 1;
  25   1      }
  26          
  27          void main()
  28          {
  29   1          init();
  30   1              while(1)
  31   1              {
  32   2                 if(flag == 1)
  33   2                   {
  34   3                           ES =0;
  35   3                               flag = 0;
  36   3                               SBUF = a;        // 送出
  37   3                               P2 = SBUF;
  38   3                               while(!TI);
  39   3                               TI = 0;
  40   3                               ES = 1;
  41   3                       }   
  42   2              }
  43   1      }


MODULE INFORMATION:   STATIC OVERLAYABLE
   CODE SIZE        =     59    ----
   CONSTANT SIZE    =   ----    ----
   XDATA SIZE       =   ----    ----
   PDATA SIZE       =   ----    ----
   DATA SIZE        =      2    ----
   IDATA SIZE       =   ----    ----
   BIT SIZE         =   ----    ----
END OF MODULE INFORMATION.


C51 COMPILATION COMPLETE.  0 WARNING(S),  0 ERROR(S)
