C51 COMPILER V9.00   DSQ                                                                   10/13/2015 21:05:32 PAGE 1   


C51 COMPILER V9.00, COMPILATION OF MODULE DSQ
OBJECT MODULE PLACED IN dsq.OBJ
COMPILER INVOKED BY: F:\软件\keil\C51\BIN\C51.EXE dsq.c BROWSE DEBUG OBJECTEXTEND

line level    source

   1          #include<reg52.h>
   2          #define uint unsigned int
   3          #define uchar unsigned char
   4          sbit D1=P2^0;
   5          uchar num,tt;
   6          uchar code table[]={ 
   7           0xc0,0xf9,0xa4,0xb0,
   8           0x99,0x92,0x82,0xf8,
   9           0x80,0x90,0x88,0x83,
  10           0xc6,0xa1,0x86,0x8e };
  11           
  12          void sj(uint c);
  13          void main()
  14          {
  15   1              TMOD=0x01; //设置定时器0为工作方式1
  16   1              TH0=(65536-50000)/256;
  17   1              TL0=(65536-50000)%256;
  18   1              EA=1;//开总中断
  19   1              ET0=1;//开定时器0中断
  20   1              TR0=1;//启动定时器0
  21   1      //      EX0=1;//开外部中断0
  22   1              P1=0xf0;
  23   1              while(1)
  24   1              {       
  25   2                              P0=table[num];
  26   2                              sj(1000);
  27   2                              num++;
  28   2                               if(num==16)
  29   2                                      num=0;                           
  30   2              }               
  31   1      }
  32          
  33          void sj(uint c)
  34          {
  35   1              uint a,b;
  36   1              for(a=110;a>0;a--)
  37   1                      for(b=c;b>0;b--);
  38   1      }
  39          
  40          void exter0() interrupt 1
  41          {
  42   1              TH0=(65536-50000)/256;
  43   1              TL0=(65536-50000)%256;
  44   1              tt++;   
  45   1      }


MODULE INFORMATION:   STATIC OVERLAYABLE
   CODE SIZE        =     88    ----
   CONSTANT SIZE    =     16    ----
   XDATA SIZE       =   ----    ----
   PDATA SIZE       =   ----    ----
   DATA SIZE        =      2    ----
   IDATA SIZE       =   ----    ----
   BIT SIZE         =   ----    ----
C51 COMPILER V9.00   DSQ                                                                   10/13/2015 21:05:32 PAGE 2   

END OF MODULE INFORMATION.


C51 COMPILATION COMPLETE.  0 WARNING(S),  0 ERROR(S)
