C51 COMPILER V9.00   ZD1                                                                   10/14/2015 21:54:30 PAGE 1   


C51 COMPILER V9.00, COMPILATION OF MODULE ZD1
OBJECT MODULE PLACED IN ZD1.OBJ
COMPILER INVOKED BY: F:\Èí¼þ\keil\C51\BIN\C51.EXE ZD1.c BROWSE DEBUG OBJECTEXTEND

line level    source

   1          #include<reg52.h>
   2          #define uint unsigned int
   3          #define uchar unsigned char
   4          sbit D1=P2^0;
   5          uchar num;
   6          uchar code table[] = {0x47,0x40,0x41,0x06};//L,O,U,E
   7          void time(uint c);
   8          
   9          void main()
  10          {   
  11   1              EA=1;
  12   1              EX1=1;
  13   1      //      IT0=1;
  14   1      //      TCON=0x01;
  15   1      
  16   1      
  17   1              num = 0;
  18   1              P1 = 0xf0;
  19   1              while(1)
  20   1              {
  21   2                         
  22   2                              P0 = table[num];
  23   2                              num++;
  24   2                              time(600);      
  25   2                              if(num == 4)
  26   2                              {
  27   3                                      num = 0;
  28   3                              }
  29   2              }
  30   1      }
  31          
  32          void time(uint c)
  33          {
  34   1              uint a,b;
  35   1              for(a = 100;a>0;a--)
  36   1                      for(b = c;b>0;b--);
  37   1      }
  38          
  39          void exter0() interrupt 0
  40          {
  41   1              D1=0;
  42   1              time(600);
  43   1              D1=1;
  44   1      }


MODULE INFORMATION:   STATIC OVERLAYABLE
   CODE SIZE        =    118    ----
   CONSTANT SIZE    =      4    ----
   XDATA SIZE       =   ----    ----
   PDATA SIZE       =   ----    ----
   DATA SIZE        =      1    ----
   IDATA SIZE       =   ----    ----
   BIT SIZE         =   ----    ----
END OF MODULE INFORMATION.

C51 COMPILER V9.00   ZD1                                                                   10/14/2015 21:54:30 PAGE 2   


C51 COMPILATION COMPLETE.  0 WARNING(S),  0 ERROR(S)
