C51 COMPILER V9.00   LOVE                                                                  10/12/2015 10:41:14 PAGE 1   


C51 COMPILER V9.00, COMPILATION OF MODULE LOVE
OBJECT MODULE PLACED IN love.OBJ
COMPILER INVOKED BY: F:\Èí¼þ\keil\C51\BIN\C51.EXE love.c BROWSE DEBUG OBJECTEXTEND

line level    source

   1          #include<reg52.h>
   2          #include<intrins.h>
   3          #define uint unsigned int
   4          #define uchar unsigned char
   5          uchar temp,num,wenum;
   6          uchar code table1[]={
   7            0xfe,0xfd,0xfb,0xf7};
   8          uchar code table[]={
   9           0x47,0x40,0x41,0x06};
  10          void time(uint c)
  11          {
  12   1              uint a,b;
  13   1              for(a=10;a>0;a--)
  14   1                      for(b=c;b>0;b--);
  15   1      } 
  16          
  17          void time0() interrupt 1
  18          {
  19   1              TH0=(65535-50000)/256;
  20   1              TL0=(65536-50000)%256;  
  21   1      }
  22          
  23          void main()
  24          {
  25   1              temp=0xfe;
  26   1              TMOD=0x01;
  27   1              EA=1;
  28   1              TH0=(65535-50000)/256;
  29   1              TL0=(65536-50000)%256;
  30   1              ET0=1;
  31   1              TR0=1;
  32   1              EX0=1;
  33   1              
  34   1      //      P1=0xf0;
  35   1          while(1)
  36   1              {
  37   2                      P1=table1[wenum];
  38   2                      wenum++;
  39   2                      if(wenum==4)
  40   2                      wenum=0;
  41   2      
  42   2                      P0=table[num];
  43   2                      time(1);
  44   2                      num++;
  45   2                      if(num==4)
  46   2                      num=0;
  47   2      
  48   2      //              } 
  49   2      
  50   2      //      temp=0xfe;
  51   2      //      while(1)
  52   2      //      {
  53   2              P2=temp;
  54   2              time(1);
  55   2              temp=_crol_(temp,1);
C51 COMPILER V9.00   LOVE                                                                  10/12/2015 10:41:14 PAGE 2   

  56   2              P2=temp;
  57   2              } 
  58   1      
  59   1      }


MODULE INFORMATION:   STATIC OVERLAYABLE
   CODE SIZE        =    131    ----
   CONSTANT SIZE    =      8    ----
   XDATA SIZE       =   ----    ----
   PDATA SIZE       =   ----    ----
   DATA SIZE        =      3    ----
   IDATA SIZE       =   ----    ----
   BIT SIZE         =   ----    ----
END OF MODULE INFORMATION.


C51 COMPILATION COMPLETE.  0 WARNING(S),  0 ERROR(S)
