C51 COMPILER V9.00   TRY                                                                   10/19/2015 19:47:08 PAGE 1   


C51 COMPILER V9.00, COMPILATION OF MODULE TRY
OBJECT MODULE PLACED IN try.OBJ
COMPILER INVOKED BY: F:\Èí¼þ\keil\C51\BIN\C51.EXE try.c BROWSE DEBUG OBJECTEXTEND

line level    source

   1          #include<reg52.h>
   2          #define uchar unsigned char
   3          uchar flag,a,b,c;
   4          uchar code table[]={
   5          0xc0,0xf9,0xa4,0xb0,
   6          0x99,0x92,0x82,0xf8, 
   7          0x80,0x90,0x88,0x83, 
   8          0xc6,0xa1,0x86,0x8e};
   9          void init()
  10          {
  11   1         P1 = 0xf0;
  12   1         P0 = 0xc0;
  13   1         TMOD = 0x20;
  14   1         
  15   1         EA = 1;
  16   1         TH1 = 0xfd; 
  17   1         TL1 = 0xfd;
  18   1         REN = 1;
  19   1         SM0 = 0;
  20   1         SM1 = 1;
  21   1         ES = 1;
  22   1        // TR1 = 1;
  23   1         
  24   1      }
  25          
  26          void duan() interrupt 4
  27          {
  28   1         RI = 0;
  29   1         SBUF = a;
  30   1         P0=a;
  31   1         flag = 1;
  32   1      }
  33          
  34          void main()
  35          {
  36   1         int aa=0;
  37   1         init();
  38   1         while(1)
  39   1         {
  40   2                      if(flag == 1)
  41   2              {
  42   3                          ES =0 ;
  43   3                          flag = 0;
  44   3      //                  SBUF = a;
  45   3      //                  b = SBUF;
  46   3                          P0 = table[SBUF];
  47   3                          while(!TI);
  48   3                          TI = 0;
  49   3                          ES = 1;
  50   3                  }
  51   2         }
  52   1         
  53   1      }


C51 COMPILER V9.00   TRY                                                                   10/19/2015 19:47:08 PAGE 2   

MODULE INFORMATION:   STATIC OVERLAYABLE
   CODE SIZE        =     74    ----
   CONSTANT SIZE    =     16    ----
   XDATA SIZE       =   ----    ----
   PDATA SIZE       =   ----    ----
   DATA SIZE        =      4       2
   IDATA SIZE       =   ----    ----
   BIT SIZE         =   ----    ----
END OF MODULE INFORMATION.


C51 COMPILATION COMPLETE.  0 WARNING(S),  0 ERROR(S)
